TN:
SF:script/Counter.s.sol
DA:10,0
FN:10,CounterScript.setUp
FNDA:0,CounterScript.setUp
DA:12,0
FN:12,CounterScript.run
FNDA:0,CounterScript.run
DA:13,0
DA:15,0
DA:17,0
FNF:2
FNH:0
LF:5
LH:0
BRF:0
BRH:0
end_of_record
TN:
SF:src/CaptainDownBad.sol
DA:137,45
FN:137,CaptainDownBad.constructor
FNDA:45,CaptainDownBad.constructor
DA:138,45
DA:150,812
FN:150,CaptainDownBad.startRun
FNDA:812,CaptainDownBad.startRun
DA:151,811
BRDA:151,0,0,1
BRDA:151,0,1,810
DA:152,810
BRDA:152,1,0,1
BRDA:152,1,1,809
DA:154,809
DA:156,809
DA:157,809
DA:169,809
DA:178,15455
FN:178,CaptainDownBad.commitMove
FNDA:15455,CaptainDownBad.commitMove
DA:179,15454
DA:180,15454
BRDA:180,2,0,1
BRDA:180,2,1,15453
DA:181,15453
BRDA:181,3,0,1
BRDA:181,3,1,15452
DA:182,15452
BRDA:182,4,0,1
BRDA:182,4,1,15451
DA:184,15451
DA:185,15451
DA:187,15451
DA:196,15447
FN:196,CaptainDownBad.revealAndAdvance
FNDA:15447,CaptainDownBad.revealAndAdvance
DA:201,15447
DA:202,15447
BRDA:202,5,0,-
BRDA:202,5,1,15447
DA:203,15447
BRDA:203,6,0,-
BRDA:203,6,1,15447
DA:204,15447
BRDA:204,7,0,-
BRDA:204,7,1,15447
DA:205,15447
BRDA:205,8,0,1
BRDA:205,8,1,15446
DA:207,15446
DA:208,15446
BRDA:208,9,0,2
BRDA:208,9,1,15444
DA:210,15444
DA:211,15444
DA:213,15444
DA:221,3
FN:221,CaptainDownBad.advanceExpired
FNDA:3,CaptainDownBad.advanceExpired
DA:222,3
DA:223,3
BRDA:223,10,0,-
BRDA:223,10,1,3
DA:224,3
BRDA:224,11,0,1
BRDA:224,11,1,2
DA:225,2
BRDA:225,12,0,1
BRDA:225,12,1,1
DA:227,1
DA:228,1
DA:240,15445
FN:240,CaptainDownBad._advanceTick
FNDA:15445,CaptainDownBad._advanceTick
DA:241,15445
DA:242,15445
DA:245,15445
DA:246,15445
DA:247,15445
DA:248,15445
DA:249,15445
DA:250,15445
DA:253,15445
BRDA:253,13,0,2197
DA:254,15445
BRDA:254,14,0,2509
DA:257,15445
BRDA:257,15,0,157
DA:260,15445
DA:261,15445
BRDA:261,16,0,8598
DA:264,15445
DA:265,15445
DA:266,15445
BRDA:266,17,0,18
DA:267,15445
BRDA:267,18,0,13715
DA:268,15445
DA:271,15445
DA:273,15445
BRDA:273,19,0,47
BRDA:273,19,1,20
DA:274,47
DA:275,47
DA:276,15398
BRDA:276,20,0,4
BRDA:276,20,1,20
DA:277,4
DA:278,4
DA:279,4
DA:280,15394
BRDA:280,21,0,20
DA:281,20
BRDA:281,22,0,20
DA:285,15445
BRDA:285,23,0,5201
DA:286,5201
DA:290,15445
DA:291,15445
DA:292,15445
DA:294,15445
DA:297,15445
BRDA:297,24,0,6
DA:304,6
FN:304,CaptainDownBad._endRun
FNDA:6,CaptainDownBad._endRun
DA:305,6
DA:306,6
DA:307,6
DA:309,6
DA:311,0
BRDA:311,25,0,-
BRDA:311,25,1,-
DA:313,0
DA:314,0
DA:315,0
DA:316,0
DA:317,0
DA:320,0
DA:321,0
BRDA:321,26,0,-
DA:323,0
DA:325,6
DA:328,6
DA:335,15445
FN:335,CaptainDownBad._getTile
FNDA:15445,CaptainDownBad._getTile
DA:336,15445
DA:337,15445
DA:338,15445
BRDA:338,27,0,1
DA:339,15444
DA:342,4
FN:342,CaptainDownBad._clearTile
FNDA:4,CaptainDownBad._clearTile
DA:343,4
DA:351,809
FN:351,CaptainDownBad._buildInitialState
FNDA:809,CaptainDownBad._buildInitialState
DA:352,809
DA:355,16254
FN:355,CaptainDownBad._buildState
FNDA:16254,CaptainDownBad._buildState
DA:363,16254
DA:364,16254
DA:365,16254
DA:366,16254
DA:367,16254
DA:371,15445
FN:371,CaptainDownBad._getPosX
FNDA:15445,CaptainDownBad._getPosX
DA:372,15445
FN:372,CaptainDownBad._getPosY
FNDA:15445,CaptainDownBad._getPosY
DA:373,15445
FN:373,CaptainDownBad._getVelY
FNDA:15445,CaptainDownBad._getVelY
DA:374,15445
FN:374,CaptainDownBad._getHealth
FNDA:15445,CaptainDownBad._getHealth
DA:375,15445
FN:375,CaptainDownBad._getAnimFrame
FNDA:15445,CaptainDownBad._getAnimFrame
DA:376,15451
FN:376,CaptainDownBad._getScore
FNDA:15451,CaptainDownBad._getScore
DA:387,270
FN:387,CaptainDownBad.setLevel
FNDA:270,CaptainDownBad.setLevel
DA:388,269
BRDA:388,28,0,1
BRDA:388,28,1,268
DA:389,268
DA:390,268
DA:396,2
FN:396,CaptainDownBad.claimHouseFees
FNDA:2,CaptainDownBad.claimHouseFees
DA:397,1
DA:398,1
DA:399,1
DA:400,1
DA:404,2
FN:404,CaptainDownBad.pause
FNDA:2,CaptainDownBad.pause
DA:407,0
FN:407,CaptainDownBad.unpause
FNDA:0,CaptainDownBad.unpause
DA:421,45
FN:421,CaptainDownBad._seedDefaultLevel
FNDA:45,CaptainDownBad._seedDefaultLevel
DA:422,45
DA:425,45
DA:426,1440
DA:429,45
DA:430,315
DA:433,45
DA:434,45
DA:436,45
DA:438,45
FNF:22
FNH:21
LF:129
LH:119
BRF:46
BRH:39
end_of_record
TN:
SF:src/Counter.sol
DA:7,258
FN:7,Counter.setNumber
FNDA:258,Counter.setNumber
DA:8,258
DA:11,1
FN:11,Counter.increment
FNDA:1,Counter.increment
DA:12,1
FNF:2
FNH:2
LF:4
LH:4
BRF:0
BRH:0
end_of_record
TN:
SF:test/CaptainDownBad.t.sol
DA:14,812
FN:14,MockERC20.mint
FNDA:812,MockERC20.mint
DA:16,812
FN:16,MockERC20.approve
FNDA:812,MockERC20.approve
DA:17,812
DA:18,812
DA:21,1
FN:21,MockERC20.transfer
FNDA:1,MockERC20.transfer
DA:22,1
DA:23,1
DA:24,1
DA:27,809
FN:27,MockERC20.transferFrom
FNDA:809,MockERC20.transferFrom
DA:28,809
DA:29,809
DA:30,809
DA:31,809
FNF:4
FNH:4
LF:13
LH:13
BRF:0
BRH:0
end_of_record
